<?xml version="1.0" encoding="UTF-8"?>
<!-- Generated by org.testng.reporters.JUnitXMLReporter -->
<testsuite ignored="0" hostname="DESKTOP-8CAP79E" failures="1" tests="1" name="ErrorTest" time="3.689" errors="0" timestamp="2026-04-18T20:54:38 IST">
  <testcase classname="Framework.TestScenarios.ErrorHandlingTest" name="incorrectLogin" time="2.646">
    <failure type="java.lang.AssertionError" message="expected [Incorrect email or password.] but found [Incorrect emai or password.]">
      <![CDATA[java.lang.AssertionError: expected [Incorrect email or password.] but found [Incorrect emai or password.]
at Framework.TestScenarios.ErrorHandlingTest.incorrectLogin(ErrorHandlingTest.java:24)
at java.base/java.util.ArrayList.forEach(ArrayList.java:1612)
... Removed 31 stack frames]]>
    </failure>
  </testcase> <!-- incorrectLogin -->
</testsuite> <!-- ErrorTest -->
