<?xml version="1.0" encoding="UTF-8"?>
<testng-results ignored="0" total="1" passed="1" failed="0" skipped="0">
  <reporter-output>
  </reporter-output>
  <suite started-at="2026-04-17T18:54:51 IST" name="Default suite" finished-at="2026-04-17T18:55:01 IST" duration-ms="9274">
    <groups>
    </groups>
    <test started-at="2026-04-17T18:54:51 IST" name="Default test" finished-at="2026-04-17T18:55:01 IST" duration-ms="9274">
      <class name="Framework.TestScenarios.Test1">
        <test-method is-config="true" signature="setup()[pri:0, instance:Framework.TestScenarios.Test1@61df66b6]" started-at="2026-04-17T18:54:51 IST" name="setup" finished-at="2026-04-17T18:54:53 IST" duration-ms="2075" status="PASS">
          <reporter-output>
          </reporter-output>
        </test-method> <!-- setup -->
        <test-method signature="orderPlacement()[pri:0, instance:Framework.TestScenarios.Test1@61df66b6]" started-at="2026-04-17T18:54:53 IST" name="orderPlacement" finished-at="2026-04-17T18:55:00 IST" duration-ms="7102" status="PASS">
          <reporter-output>
          </reporter-output>
        </test-method> <!-- orderPlacement -->
        <test-method is-config="true" signature="tearDown()[pri:0, instance:Framework.TestScenarios.Test1@61df66b6]" started-at="2026-04-17T18:55:00 IST" name="tearDown" finished-at="2026-04-17T18:55:01 IST" duration-ms="73" status="PASS">
          <reporter-output>
          </reporter-output>
        </test-method> <!-- tearDown -->
      </class> <!-- Framework.TestScenarios.Test1 -->
    </test> <!-- Default test -->
  </suite> <!-- Default suite -->
</testng-results>
