<?xml version="1.0" encoding="UTF-8"?>
<!-- Generated by org.testng.reporters.JUnitReportReporter -->
<testsuite hostname="DESKTOP-8CAP79E" failures="0" tests="2" name="Framework.TestScenarios.OrderTest" time="14.230" errors="0" timestamp="2026-04-18T21:53:52 IST" skipped="0">
  <testcase classname="Framework.TestScenarios.OrderTest" name="orderPlacement" time="6.599"/>
  <testcase classname="Framework.TestScenarios.OrderTest" name="orderPlacement" time="7.631"/>
</testsuite> <!-- Framework.TestScenarios.OrderTest -->
